# JRE version: OpenJDK Runtime Environment (10.0.1+10) (build 10.0.1+10-Ubuntu-3ubuntu1)
# Java VM: OpenJDK 64-Bit Server VM (10.0.1+10-Ubuntu-3ubuntu1, mixed mode, tiered, compressed oops, g1 gc, linux-amd64)
Heap:
 garbage-first heap   total 382976K, used 118256K [0x00000000c0000000, 0x0000000100000000)
  region size 1024K, 2 young (2048K), 2 survivors (2048K)
 Metaspace       used 84676K, capacity 86865K, committed 87936K, reserved 1126400K
  class space    used 10052K, capacity 10815K, committed 11136K, reserved 1048576K
GC Heap History (10 events):
Event: 15.166 GC heap after
{Heap after GC invocations=30 (full 0):
 garbage-first heap   total 216064K, used 144512K [0x00000000c0000000, 0x0000000100000000)
  region size 1024K, 5 young (5120K), 5 survivors (5120K)
 Metaspace       used 82978K, capacity 85319K, committed 85632K, reserved 1124352K
  class space    used 9987K, capacity 10822K, committed 10880K, reserved 1048576K
}
Event: 53.333 GC heap before
{Heap before GC invocations=30 (full 0):
 garbage-first heap   total 216064K, used 178304K [0x00000000c0000000, 0x0000000100000000)
  region size 1024K, 33 young (33792K), 5 survivors (5120K)
 Metaspace       used 84045K, capacity 86416K, committed 86784K, reserved 1124352K
  class space    used 10060K, capacity 10901K, committed 11008K, reserved 1048576K
}
Event: 53.372 GC heap after
{Heap after GC invocations=31 (full 0):
 garbage-first heap   total 216064K, used 146086K [0x00000000c0000000, 0x0000000100000000)
  region size 1024K, 2 young (2048K), 2 survivors (2048K)
 Metaspace       used 84045K, capacity 86416K, committed 86784K, reserved 1124352K
  class space    used 10060K, capacity 10901K, committed 11008K, reserved 1048576K
}
Event: 54.191 GC heap before
{Heap before GC invocations=31 (full 0):
 garbage-first heap   total 216064K, used 180902K [0x00000000c0000000, 0x0000000100000000)
  region size 1024K, 21 young (21504K), 2 survivors (2048K)
 Metaspace       used 84872K, capacity 87302K, committed 87680K, reserved 1126400K
  class space    used 10164K, capacity 11027K, committed 11136K, reserved 1048576K
}
Event: 54.248 GC heap after
{Heap after GC invocations=32 (full 0):
 garbage-first heap   total 216064K, used 157653K [0x00000000c0000000, 0x0000000100000000)
  region size 1024K, 2 young (2048K), 2 survivors (2048K)
 Metaspace       used 84872K, capacity 87302K, committed 87680K, reserved 1126400K
  class space    used 10164K, capacity 11027K, committed 11136K, reserved 1048576K
}
Event: 54.581 GC heap before
{Heap before GC invocations=33 (full 0):
 garbage-first heap   total 216064K, used 169941K [0x00000000c0000000, 0x0000000100000000)
  region size 1024K, 26 young (26624K), 2 survivors (2048K)
 Metaspace       used 84639K, capacity 86797K, committed 87936K, reserved 1126400K
  class space    used 10051K, capacity 10814K, committed 11136K, reserved 1048576K
}
Event: 54.593 GC heap after
{Heap after GC invocations=34 (full 0):
 garbage-first heap   total 216064K, used 127588K [0x00000000c0000000, 0x0000000100000000)
  region size 1024K, 4 young (4096K), 4 survivors (4096K)
 Metaspace       used 84639K, capacity 86797K, committed 87936K, reserved 1126400K
  class space    used 10051K, capacity 10814K, committed 11136K, reserved 1048576K
}
Event: 56.823 GC heap before
{Heap before GC invocations=34 (full 0):
 garbage-first heap   total 216064K, used 182884K [0x00000000c0000000, 0x0000000100000000)
  region size 1024K, 10 young (10240K), 4 survivors (4096K)
 Metaspace       used 84676K, capacity 86865K, committed 87936K, reserved 1126400K
  class space    used 10052K, capacity 10815K, committed 11136K, reserved 1048576K
}
Event: 58.033 GC heap after
{Heap after GC invocations=35 (full 0):
 garbage-first heap   total 216064K, used 122139K [0x00000000c0000000, 0x0000000100000000)
  region size 1024K, 1 young (1024K), 1 survivors (1024K)
 Metaspace       used 84676K, capacity 86865K, committed 87936K, reserved 1126400K
  class space    used 10052K, capacity 10815K, committed 11136K, reserved 1048576K
}
Event: 62.293 GC heap before
{Heap before GC invocations=35 (full 0):
 garbage-first heap   total 216064K, used 164123K [0x00000000c0000000, 0x0000000100000000)
  region size 1024K, 10 young (10240K), 1 survivors (1024K)
 Metaspace       used 84676K, capacity 86865K, committed 87936K, reserved 1126400K
  class space    used 10052K, capacity 10815K, committed 11136K, reserved 1048576K
}

